<?xml version="1.0" encoding="UTF-8"?>
<!-- Generated by org.testng.reporters.JUnitReportReporter -->
<testsuite hostname="TomTom" failures="0" tests="1" name="TestCases.LoginTestCase" time="23.449" errors="0" timestamp="2021-12-18T21:56:07 PKT" skipped="0">
  <testcase classname="TestCases.LoginTestCase" name="Login" time="23.449"/>
  <system-out/>
</testsuite> <!-- TestCases.LoginTestCase -->
