<?xml version="1.0" encoding="UTF-8"?>
<!-- Generated by org.testng.reporters.JUnitReportReporter -->
<testsuite hostname="DESKTOP-CC15419" failures="0" tests="1" name="TestCases.LoginTestCase" time="28.546" errors="0" timestamp="2022-01-01T07:55:23 PST" skipped="0">
  <testcase classname="TestCases.LoginTestCase" name="Login" time="28.546"/>
  <system-out/>
</testsuite> <!-- TestCases.LoginTestCase -->
