<?xml version="1.0" encoding="UTF-8"?>
<!-- Generated by org.testng.reporters.JUnitReportReporter -->
<testsuite hostname="TomTom" failures="0" tests="1" name="TestCases.PageFactoryTestCases" time="37.279" errors="0" timestamp="2021-12-19T16:08:19 PKT" skipped="0">
  <testcase classname="TestCases.PageFactoryTestCases" name="LoginTestCase" time="37.279"/>
  <system-out/>
</testsuite> <!-- TestCases.PageFactoryTestCases -->
